<?xml version="1.0" encoding="UTF-8"?>
<testsuite name="com.example.project.TipCalculatorTest" tests="3" skipped="0" failures="0" errors="0" timestamp="2024-09-26T16:16:57" hostname="codespaces-66f7a7" time="0.069">
  <properties/>
  <testcase name="testCalculateTip2()" classname="com.example.project.TipCalculatorTest" time="0.06"/>
  <testcase name="testCalculateTip3()" classname="com.example.project.TipCalculatorTest" time="0.002"/>
  <testcase name="testCalculateTip()" classname="com.example.project.TipCalculatorTest" time="0.002"/>
  <system-out><![CDATA[]]></system-out>
  <system-err><![CDATA[]]></system-err>
</testsuite>
